<?xml version="1.0" encoding="UTF-8"?>
<testng-results skipped="0" failed="0" ignored="0" total="1" passed="1">
  <reporter-output>
  </reporter-output>
  <suite name="Default suite" duration-ms="24108" started-at="2020-02-26T17:44:07 IST" finished-at="2020-02-26T17:44:31 IST">
    <groups>
    </groups>
    <test name="Default test" duration-ms="24108" started-at="2020-02-26T17:44:07 IST" finished-at="2020-02-26T17:44:31 IST">
      <class name="pages.SecondScript">
        <test-method status="PASS" signature="openBrowser()[pri:0, instance:pages.SecondScript@319b92f3]" name="openBrowser" is-config="true" duration-ms="20394" started-at="2020-02-26T17:44:07 IST" finished-at="2020-02-26T17:44:27 IST">
          <reporter-output>
          </reporter-output>
        </test-method> <!-- openBrowser -->
        <test-method status="PASS" signature="login()[pri:0, instance:pages.SecondScript@319b92f3]" name="login" duration-ms="3529" started-at="2020-02-26T17:44:27 IST" finished-at="2020-02-26T17:44:31 IST">
          <reporter-output>
          </reporter-output>
        </test-method> <!-- login -->
        <test-method status="PASS" signature="closeBrowser()[pri:0, instance:pages.SecondScript@319b92f3]" name="closeBrowser" is-config="true" duration-ms="123" started-at="2020-02-26T17:44:31 IST" finished-at="2020-02-26T17:44:31 IST">
          <reporter-output>
          </reporter-output>
        </test-method> <!-- closeBrowser -->
      </class> <!-- pages.SecondScript -->
    </test> <!-- Default test -->
  </suite> <!-- Default suite -->
</testng-results>
